\BOOKMARK [1][-]{section*.1}{\376\377\000S\000i\000m\000p\000l\000e\000\040\000L\000i\000n\000e\000a\000r\000\040\000R\000e\000g\000r\000e\000s\000s\000i\000o\000n}{}% 1
\BOOKMARK [2][-]{section*.2}{\376\377\000M\000o\000d\000e\000l\000\040\000A\000c\000c\000u\000r\000a\000c\000y}{section*.1}% 2
\BOOKMARK [1][-]{section*.3}{\376\377\000M\000u\000l\000t\000i\000p\000l\000e\000\040\000L\000i\000n\000e\000a\000r\000\040\000R\000e\000g\000r\000e\000s\000s\000i\000o\000n}{}% 3
\BOOKMARK [2][-]{section*.4}{\376\377\000I\000n\000t\000e\000r\000l\000u\000d\000e\000:\000\040\000C\000a\000l\000c\000u\000l\000a\000t\000i\000n\000g\000\040\000M\000L\000R\000\040\000l\000s\000c\000e\000\040\000w\000i\000t\000h\000\040\000M\000a\000t\000r\000i\000x\000\040\000A\000l\000g\000e\000b\000r\000a}{section*.3}% 4
\BOOKMARK [2][-]{section*.5}{\376\377\000R\000e\000s\000u\000m\000e\000:\000\040\000M\000L\000R\000\040\000v\000s\000\040\000S\000L\000R\000\040\040\024\000\040\000A\000\040\000P\000a\000r\000a\000d\000o\000x}{section*.3}% 5
\BOOKMARK [2][-]{section*.6}{\376\377\000F\000o\000u\000r\000\040\000Q\000u\000e\000s\000t\000i\000o\000n\000s\000\040\000f\000o\000r\000\040\000M\000L\000R}{section*.3}% 6
\BOOKMARK [3][-]{section*.7}{\376\377\0001\000.\000\051\000\040\000H\000y\000p\000o\000t\000h\000e\000s\000i\000s\000\040\000T\000e\000s\000t\000i\000n\000g\000:\000\040\000i\000s\000\040\000t\000h\000e\000r\000e\000\040\000a\000t\000\040\000l\000e\000a\000s\000t\000\040\000o\000n\000e\000\040\000u\000s\000e\000f\000u\000l\000\040\000p\000r\000e\000d\000i\000c\000t\000o\000r\000\040\000X\000\137\000i\000?}{section*.6}% 7
\BOOKMARK [3][-]{section*.8}{\376\377\0002\000.\000\051\000\040\000V\000a\000r\000i\000a\000b\000l\000e\000\040\000S\000e\000l\000e\000c\000t\000i\000o\000n}{section*.6}% 8
\BOOKMARK [3][-]{section*.9}{\376\377\0003\000.\000\051\000\040\000M\000o\000d\000e\000l\000\040\000F\000i\000t}{section*.6}% 9
\BOOKMARK [3][-]{section*.10}{\376\377\0004\000.\000\051\000\040\000P\000r\000e\000d\000i\000c\000t\000i\000o\000n\000s\000\040\000\046\000\040\000U\000n\000c\000e\000r\000t\000a\000i\000n\000t\000y}{section*.6}% 10
\BOOKMARK [1][-]{section*.11}{\376\377\000O\000t\000h\000e\000r\000\040\000C\000o\000n\000s\000i\000d\000e\000r\000a\000t\000i\000o\000n\000s}{}% 11
\BOOKMARK [2][-]{section*.12}{\376\377\000Q\000u\000a\000l\000i\000t\000a\000t\000i\000v\000e\000\040\000P\000r\000e\000d\000i\000c\000t\000o\000r\000s}{section*.11}% 12
\BOOKMARK [2][-]{section*.13}{\376\377\000E\000x\000t\000e\000n\000d\000i\000n\000g\000\040\000t\000h\000e\000\040\000L\000i\000n\000e\000a\000r\000\040\000M\000o\000d\000e\000l}{section*.11}% 13
\BOOKMARK [3][-]{section*.14}{\376\377\000A\000.\000\051\000\040\000R\000e\000l\000a\000x\000i\000n\000g\000\040\000t\000h\000e\000\040\000A\000d\000d\000i\000t\000i\000v\000e\000\040\000A\000s\000s\000u\000m\000p\000t\000i\000o\000n\000\040\000\050\000I\000n\000t\000e\000r\000a\000c\000t\000i\000o\000n\000\051}{section*.13}% 14
\BOOKMARK [3][-]{section*.15}{\376\377\000B\000.\000\051\000\040\000P\000o\000l\000y\000n\000o\000m\000i\000a\000l\000\040\000R\000e\000g\000r\000e\000s\000s\000i\000o\000n}{section*.13}% 15
\BOOKMARK [2][-]{section*.16}{\376\377\000P\000o\000t\000e\000n\000t\000i\000a\000l\000\040\000P\000r\000o\000b\000l\000e\000m\000s\000\040\000w\000i\000t\000h\000\040\000L\000i\000n\000e\000a\000r\000\040\000R\000e\000g\000r\000e\000s\000s\000i\000o\000n}{section*.11}% 16
\BOOKMARK [3][-]{section*.17}{\376\377\0001\000.\000\051\000\040\000N\000o\000n\000-\000l\000i\000n\000e\000a\000r\000i\000t\000y\000\040\000o\000f\000\040\000D\000a\000t\000a\000\040\000\050\000u\000s\000e\000\040\000n\000o\000n\000-\000l\000i\000n\000e\000a\000r\000\040\000t\000r\000a\000n\000s\000f\000o\000r\000m\000a\000t\000i\000o\000n\000s\000\040\000o\000f\000\040\000t\000h\000e\000\040\000p\000r\000e\000d\000i\000c\000t\000o\000r\000s\000\051}{section*.16}% 17
\BOOKMARK [3][-]{section*.18}{\376\377\0002\000.\000\051\000\040\000C\000o\000r\000r\000e\000l\000a\000t\000i\000o\000n\000\040\000o\000f\000\040\000e\000r\000r\000o\000r\000\040\000t\000e\000r\000m\000s\000\040\000\050\000T\000r\000a\000c\000k\000i\000n\000g\000\051}{section*.16}% 18
\BOOKMARK [3][-]{section*.19}{\376\377\0003\000.\000\051\000\040\000N\000o\000n\000-\000c\000o\000n\000s\000t\000a\000n\000t\000\040\000v\000a\000r\000i\000a\000n\000c\000e\000\040\000o\000f\000\040\000e\000r\000r\000o\000r\000\040\000t\000e\000r\000m\000s\000\040\000\050\000H\000e\000t\000e\000r\000o\000s\000c\000e\000d\000a\000s\000t\000i\000c\000i\000t\000y\000\051}{section*.16}% 19
\BOOKMARK [3][-]{section*.20}{\376\377\0004\000.\000\051\000\040\000O\000u\000t\000l\000i\000e\000r\000s\000\040\000\050\000u\000n\000u\000s\000u\000a\000l\000\040\000r\000e\000s\000p\000o\000n\000s\000e\000\040\000v\000a\000l\000u\000e\000\051}{section*.16}% 20
\BOOKMARK [3][-]{section*.21}{\376\377\0005\000.\000\051\000\040\000H\000i\000g\000h\000-\000l\000e\000v\000e\000r\000a\000g\000e\000\040\000p\000o\000i\000n\000t\000s\000\040\000\050\000u\000n\000u\000s\000u\000a\000l\000\040\000p\000r\000e\000d\000i\000c\000t\000o\000r\000\040\000v\000a\000l\000u\000e\000\051}{section*.16}% 21
\BOOKMARK [3][-]{section*.22}{\376\377\0006\000.\000\051\000\040\000C\000o\000l\000l\000i\000n\000e\000a\000r\000i\000t\000y}{section*.16}% 22
\BOOKMARK [1][-]{section*.23}{\376\377\000L\000R\000\040\000v\000s\000.\000\040\000K\000N\000N\000\040\000R\000e\000g\000r\000e\000s\000s\000i\000o\000n}{}% 23
